<?xml version="1.0" encoding="UTF-8"?>
<!-- Generated by org.testng.reporters.JUnitReportReporter -->
<testsuite hostname="QT-INBG-LT1086" failures="0" tests="10" name="mobile_world.sign_in" time="45.174" errors="0" timestamp="2022-09-19T12:44:48 IST" skipped="0">
  <testcase classname="mobile_world.sign_in" name="signin" time="2.998"/>
  <system-out/>
  <testcase classname="mobile_world.sign_in" name="signin" time="3.372"/>
  <system-out/>
  <testcase classname="mobile_world.sign_in" name="signin" time="4.561"/>
  <system-out/>
  <testcase classname="mobile_world.sign_in" name="signin" time="5.922"/>
  <system-out/>
  <testcase classname="mobile_world.sign_in" name="signin" time="2.976"/>
  <system-out/>
  <testcase classname="mobile_world.sign_in" name="signin" time="4.792"/>
  <system-out/>
  <testcase classname="mobile_world.sign_in" name="signin" time="5.605"/>
  <system-out/>
  <testcase classname="mobile_world.sign_in" name="signin" time="3.267"/>
  <system-out/>
  <testcase classname="mobile_world.sign_in" name="signin" time="4.895"/>
  <system-out/>
  <testcase classname="mobile_world.sign_in" name="signin" time="6.786"/>
  <system-out/>
</testsuite> <!-- mobile_world.sign_in -->
