<?xml version="1.0" encoding="UTF-8"?>
<!-- Generated by org.testng.reporters.JUnitReportReporter -->
<testsuite hostname="QT-INBG-LT1086" failures="0" tests="1" name="mobile_world.all_mobiles" time="10.704" errors="0" timestamp="2022-09-19T12:45:27 IST" skipped="0">
  <testcase classname="mobile_world.all_mobiles" name="setup" time="10.704"/>
  <system-out/>
</testsuite> <!-- mobile_world.all_mobiles -->
